<?xml version="1.0" encoding="UTF-8"?>
<!-- Generated by org.testng.reporters.JUnitXMLReporter -->
<testsuite hostname="saroj" ignored="0" name="Surefire test" tests="3" failures="0" timestamp="2020-08-11T17:24:20 IST" time="0.068" errors="0">
  <testcase name="browserAutomation" time="0.006" classname="qaclickacademy.SeleniumTest"/>
  <testcase name="elementsUI" time="0.0" classname="qaclickacademy.SeleniumTest"/>
  <testcase name="elementsUINew" time="0.001" classname="qaclickacademy.SeleniumTest"/>
</testsuite> <!-- Surefire test -->
