<?xml version="1.0" encoding="UTF-8"?>
<!-- Generated by org.testng.reporters.JUnitXMLReporter -->
<testsuite hostname="saroj" ignored="2" name="Default test" tests="1" failures="0" timestamp="2020-08-11T16:56:47 IST" time="0.081" errors="0">
  <testcase name="elementsUINew" time="0.014" classname="qaclickacademy.SeleniumTest"/>
  <testcase name="browserAutomation" time="0.0" classname="qaclickacademy.SeleniumTest">
    <ignored/>
  </testcase> <!-- browserAutomation -->
  <testcase name="elementsUI" time="0.0" classname="qaclickacademy.SeleniumTest">
    <ignored/>
  </testcase> <!-- elementsUI -->
</testsuite> <!-- Default test -->
