<?xml version="1.0" encoding="UTF-8"?>
<!-- Generated by org.testng.reporters.JUnitXMLReporter -->
<testsuite hostname="saroj" ignored="2" name="Test" tests="1" failures="0" timestamp="2020-08-11T17:23:56 IST" time="0.066" errors="0">
  <testcase name="browserAutomation" time="0.007" classname="qaclickacademy.SeleniumTest"/>
  <testcase name="elementsUINew" time="0.0" classname="qaclickacademy.SeleniumTest">
    <ignored/>
  </testcase> <!-- elementsUINew -->
  <testcase name="elementsUI" time="0.0" classname="qaclickacademy.SeleniumTest">
    <ignored/>
  </testcase> <!-- elementsUI -->
</testsuite> <!-- Test -->
