<?xml version="1.0" encoding="UTF-8"?>
<testng-results skipped="0" failed="0" ignored="2" total="3" passed="1">
  <reporter-output>
  </reporter-output>
  <suite name="Default suite" duration-ms="81" started-at="2020-08-11T16:56:47 IST" finished-at="2020-08-11T16:56:47 IST">
    <groups>
    </groups>
    <test name="Default test" duration-ms="81" started-at="2020-08-11T16:56:47 IST" finished-at="2020-08-11T16:56:47 IST">
      <class name="qaclickacademy.SeleniumTest">
        <test-method status="PASS" signature="elementsUINew()[pri:0, instance:qaclickacademy.SeleniumTest@28701274]" name="elementsUINew" duration-ms="14" started-at="2020-08-11T16:56:47 IST" finished-at="2020-08-11T16:56:47 IST">
          <reporter-output>
          </reporter-output>
        </test-method> <!-- elementsUINew -->
      </class> <!-- qaclickacademy.SeleniumTest -->
    </test> <!-- Default test -->
  </suite> <!-- Default suite -->
</testng-results>
